# JRE version: OpenJDK Runtime Environment (8.0_212-b04) (build 1.8.0_212-release-1586-b04)
# Java VM: OpenJDK 64-Bit Server VM (25.212-b04 mixed mode windows-amd64 compressed oops)
Heap:
 PSYoungGen      total 175104K, used 63882K [0x00000000e0000000, 0x00000000ee100000, 0x0000000100000000)
  eden space 144384K, 44% used [0x00000000e0000000,0x00000000e3e62960,0x00000000e8d00000)
  from space 30720K, 0% used [0x00000000e9200000,0x00000000e9200000,0x00000000eb000000)
  to   space 43008K, 0% used [0x00000000eb700000,0x00000000eb700000,0x00000000ee100000)
 ParOldGen       total 158720K, used 63238K [0x00000000a0000000, 0x00000000a9b00000, 0x00000000e0000000)
  object space 158720K, 39% used [0x00000000a0000000,0x00000000a3dc1b78,0x00000000a9b00000)
 Metaspace       used 95507K, capacity 99635K, committed 100096K, reserved 1136640K
  class space    used 12478K, capacity 13366K, committed 13568K, reserved 1048576K
GC Heap History (10 events):
Event: 1158.809 GC heap before
{Heap before GC invocations=19 (full 3):
 PSYoungGen      total 193536K, used 193431K [0x00000000e0000000, 0x00000000ee800000, 0x0000000100000000)
  eden space 165888K, 99% used [0x00000000e0000000,0x00000000ea1e7200,0x00000000ea200000)
  from space 27648K, 99% used [0x00000000ea800000,0x00000000ec2fea98,0x00000000ec300000)
  to   space 35840K, 0% used [0x00000000ec500000,0x00000000ec500000,0x00000000ee800000)
 ParOldGen       total 103424K, used 45181K [0x00000000a0000000, 0x00000000a6500000, 0x00000000e0000000)
  object space 103424K, 43% used [0x00000000a0000000,0x00000000a2c1f7b8,0x00000000a6500000)
 Metaspace       used 77596K, capacity 81014K, committed 81152K, reserved 1120256K
  class space    used 10117K, capacity 10911K, committed 11008K, reserved 1048576K
Event: 1158.906 GC heap after
Heap after GC invocations=19 (full 3):
 PSYoungGen      total 195584K, used 27712K [0x00000000e0000000, 0x00000000ee780000, 0x0000000100000000)
  eden space 160256K, 0% used [0x00000000e0000000,0x00000000e0000000,0x00000000e9c80000)
  from space 35328K, 78% used [0x00000000ec500000,0x00000000ee010240,0x00000000ee780000)
  to   space 38400K, 0% used [0x00000000e9c80000,0x00000000e9c80000,0x00000000ec200000)
 ParOldGen       total 103424K, used 53258K [0x00000000a0000000, 0x00000000a6500000, 0x00000000e0000000)
  object space 103424K, 51% used [0x00000000a0000000,0x00000000a3402848,0x00000000a6500000)
 Metaspace       used 77596K, capacity 81014K, committed 81152K, reserved 1120256K
  class space    used 10117K, capacity 10911K, committed 11008K, reserved 1048576K
}
Event: 1205.526 GC heap before
{Heap before GC invocations=20 (full 3):
 PSYoungGen      total 195584K, used 187968K [0x00000000e0000000, 0x00000000ee780000, 0x0000000100000000)
  eden space 160256K, 100% used [0x00000000e0000000,0x00000000e9c80000,0x00000000e9c80000)
  from space 35328K, 78% used [0x00000000ec500000,0x00000000ee010240,0x00000000ee780000)
  to   space 38400K, 0% used [0x00000000e9c80000,0x00000000e9c80000,0x00000000ec200000)
 ParOldGen       total 103424K, used 53258K [0x00000000a0000000, 0x00000000a6500000, 0x00000000e0000000)
  object space 103424K, 51% used [0x00000000a0000000,0x00000000a3402848,0x00000000a6500000)
 Metaspace       used 81385K, capacity 84882K, committed 85120K, reserved 1122304K
  class space    used 10582K, capacity 11361K, committed 11392K, reserved 1048576K
Event: 1205.591 GC heap after
Heap after GC invocations=20 (full 3):
 PSYoungGen      total 180224K, used 25486K [0x00000000e0000000, 0x00000000ee500000, 0x0000000100000000)
  eden space 154624K, 0% used [0x00000000e0000000,0x00000000e0000000,0x00000000e9700000)
  from space 25600K, 99% used [0x00000000e9c80000,0x00000000eb563aa0,0x00000000eb580000)
  to   space 39936K, 0% used [0x00000000ebe00000,0x00000000ebe00000,0x00000000ee500000)
 ParOldGen       total 103424K, used 53266K [0x00000000a0000000, 0x00000000a6500000, 0x00000000e0000000)
  object space 103424K, 51% used [0x00000000a0000000,0x00000000a3404848,0x00000000a6500000)
 Metaspace       used 81385K, capacity 84882K, committed 85120K, reserved 1122304K
  class space    used 10582K, capacity 11361K, committed 11392K, reserved 1048576K
}
Event: 1224.690 GC heap before
{Heap before GC invocations=21 (full 3):
 PSYoungGen      total 180224K, used 180091K [0x00000000e0000000, 0x00000000ee500000, 0x0000000100000000)
  eden space 154624K, 99% used [0x00000000e0000000,0x00000000e96fb278,0x00000000e9700000)
  from space 25600K, 99% used [0x00000000e9c80000,0x00000000eb563aa0,0x00000000eb580000)
  to   space 39936K, 0% used [0x00000000ebe00000,0x00000000ebe00000,0x00000000ee500000)
 ParOldGen       total 103424K, used 53266K [0x00000000a0000000, 0x00000000a6500000, 0x00000000e0000000)
  object space 103424K, 51% used [0x00000000a0000000,0x00000000a3404848,0x00000000a6500000)
 Metaspace       used 86618K, capacity 90220K, committed 90496K, reserved 1128448K
  class space    used 11253K, capacity 12048K, committed 12160K, reserved 1048576K
Event: 1224.870 GC heap after
Heap after GC invocations=21 (full 3):
 PSYoungGen      total 185344K, used 24592K [0x00000000e0000000, 0x00000000ee100000, 0x0000000100000000)
  eden space 149504K, 0% used [0x00000000e0000000,0x00000000e0000000,0x00000000e9200000)
  from space 35840K, 68% used [0x00000000ebe00000,0x00000000ed604208,0x00000000ee100000)
  to   space 40448K, 0% used [0x00000000e9200000,0x00000000e9200000,0x00000000eb980000)
 ParOldGen       total 103424K, used 53274K [0x00000000a0000000, 0x00000000a6500000, 0x00000000e0000000)
  object space 103424K, 51% used [0x00000000a0000000,0x00000000a3406848,0x00000000a6500000)
 Metaspace       used 86618K, capacity 90220K, committed 90496K, reserved 1128448K
  class space    used 11253K, capacity 12048K, committed 12160K, reserved 1048576K
}
Event: 1237.257 GC heap before
{Heap before GC invocations=22 (full 3):
 PSYoungGen      total 185344K, used 108083K [0x00000000e0000000, 0x00000000ee100000, 0x0000000100000000)
  eden space 149504K, 55% used [0x00000000e0000000,0x00000000e5188cb0,0x00000000e9200000)
  from space 35840K, 68% used [0x00000000ebe00000,0x00000000ed604208,0x00000000ee100000)
  to   space 40448K, 0% used [0x00000000e9200000,0x00000000e9200000,0x00000000eb980000)
 ParOldGen       total 103424K, used 53274K [0x00000000a0000000, 0x00000000a6500000, 0x00000000e0000000)
  object space 103424K, 51% used [0x00000000a0000000,0x00000000a3406848,0x00000000a6500000)
 Metaspace       used 94085K, capacity 98461K, committed 98560K, reserved 1134592K
  class space    used 12417K, capacity 13341K, committed 13440K, reserved 1048576K
Event: 1237.350 GC heap after
Heap after GC invocations=22 (full 3):
 PSYoungGen      total 175104K, used 30715K [0x00000000e0000000, 0x00000000ee100000, 0x0000000100000000)
  eden space 144384K, 0% used [0x00000000e0000000,0x00000000e0000000,0x00000000e8d00000)
  from space 30720K, 99% used [0x00000000e9200000,0x00000000eaffeeb8,0x00000000eb000000)
  to   space 43008K, 0% used [0x00000000eb700000,0x00000000eb700000,0x00000000ee100000)
 ParOldGen       total 103424K, used 53282K [0x00000000a0000000, 0x00000000a6500000, 0x00000000e0000000)
  object space 103424K, 51% used [0x00000000a0000000,0x00000000a3408848,0x00000000a6500000)
 Metaspace       used 94085K, capacity 98461K, committed 98560K, reserved 1134592K
  class space    used 12417K, capacity 13341K, committed 13440K, reserved 1048576K
}
Event: 1237.350 GC heap before
{Heap before GC invocations=23 (full 4):
 PSYoungGen      total 175104K, used 30715K [0x00000000e0000000, 0x00000000ee100000, 0x0000000100000000)
  eden space 144384K, 0% used [0x00000000e0000000,0x00000000e0000000,0x00000000e8d00000)
  from space 30720K, 99% used [0x00000000e9200000,0x00000000eaffeeb8,0x00000000eb000000)
  to   space 43008K, 0% used [0x00000000eb700000,0x00000000eb700000,0x00000000ee100000)
 ParOldGen       total 103424K, used 53282K [0x00000000a0000000, 0x00000000a6500000, 0x00000000e0000000)
  object space 103424K, 51% used [0x00000000a0000000,0x00000000a3408848,0x00000000a6500000)
 Metaspace       used 94085K, capacity 98461K, committed 98560K, reserved 1134592K
  class space    used 12417K, capacity 13341K, committed 13440K, reserved 1048576K
Event: 1244.479 GC heap after
Heap after GC invocations=23 (full 4):
 PSYoungGen      total 175104K, used 0K [0x00000000e0000000, 0x00000000ee100000, 0x0000000100000000)
  eden space 144384K, 0% used [0x00000000e0000000,0x00000000e0000000,0x00000000e8d00000)
  from space 30720K, 0% used [0x00000000e9200000,0x00000000e9200000,0x00000000eb000000)
  to   space 43008K, 0% used [0x00000000eb700000,0x00000000eb700000,0x00000000ee100000)
 ParOldGen       total 158720K, used 63238K [0x00000000a0000000, 0x00000000a9b00000, 0x00000000e0000000)
  object space 158720K, 39% used [0x00000000a0000000,0x00000000a3dc1b78,0x00000000a9b00000)
 Metaspace       used 93777K, capacity 97629K, committed 98560K, reserved 1134592K
  class space    used 12312K, capacity 13157K, committed 13440K, reserved 1048576K
}

