# JRE version: OpenJDK Runtime Environment (8.0_212-b04) (build 1.8.0_212-release-1586-b04)
# Java VM: OpenJDK 64-Bit Server VM (25.212-b04 mixed mode windows-amd64 compressed oops)
Heap:
 PSYoungGen      total 168960K, used 24393K [0x00000000e0000000, 0x00000000ebe80000, 0x0000000100000000)
  eden space 145408K, 11% used [0x00000000e0000000,0x00000000e10ab810,0x00000000e8e00000)
  from space 23552K, 31% used [0x00000000e8e00000,0x00000000e9526c40,0x00000000ea500000)
  to   space 18432K, 0% used [0x00000000ea500000,0x00000000ea500000,0x00000000eb700000)
 ParOldGen       total 94720K, used 51494K [0x00000000a0000000, 0x00000000a5c80000, 0x00000000e0000000)
  object space 94720K, 54% used [0x00000000a0000000,0x00000000a3249858,0x00000000a5c80000)
 Metaspace       used 75462K, capacity 78372K, committed 78592K, reserved 1118208K
  class space    used 10032K, capacity 10702K, committed 10752K, reserved 1048576K
GC Heap History (10 events):
Event: 105.896 GC heap before
{Heap before GC invocations=18 (full 3):
 PSYoungGen      total 123904K, used 11767K [0x00000000e0000000, 0x00000000e9c80000, 0x0000000100000000)
  eden space 110592K, 0% used [0x00000000e0000000,0x00000000e0000000,0x00000000e6c00000)
  from space 13312K, 88% used [0x00000000e6c00000,0x00000000e777de88,0x00000000e7900000)
  to   space 14848K, 0% used [0x00000000e8e00000,0x00000000e8e00000,0x00000000e9c80000)
 ParOldGen       total 64000K, used 27135K [0x00000000a0000000, 0x00000000a3e80000, 0x00000000e0000000)
  object space 64000K, 42% used [0x00000000a0000000,0x00000000a1a7fcc8,0x00000000a3e80000)
 Metaspace       used 57164K, capacity 59042K, committed 59160K, reserved 1099776K
  class space    used 7600K, capacity 8037K, committed 8064K, reserved 1048576K
Event: 106.119 GC heap after
Heap after GC invocations=18 (full 3):
 PSYoungGen      total 123904K, used 0K [0x00000000e0000000, 0x00000000e9c80000, 0x0000000100000000)
  eden space 110592K, 0% used [0x00000000e0000000,0x00000000e0000000,0x00000000e6c00000)
  from space 13312K, 0% used [0x00000000e6c00000,0x00000000e6c00000,0x00000000e7900000)
  to   space 14848K, 0% used [0x00000000e8e00000,0x00000000e8e00000,0x00000000e9c80000)
 ParOldGen       total 94720K, used 30069K [0x00000000a0000000, 0x00000000a5c80000, 0x00000000e0000000)
  object space 94720K, 31% used [0x00000000a0000000,0x00000000a1d5d6f8,0x00000000a5c80000)
 Metaspace       used 57164K, capacity 59042K, committed 59160K, reserved 1099776K
  class space    used 7600K, capacity 8037K, committed 8064K, reserved 1048576K
}
Event: 109.068 GC heap before
{Heap before GC invocations=19 (full 3):
 PSYoungGen      total 123904K, used 110592K [0x00000000e0000000, 0x00000000e9c80000, 0x0000000100000000)
  eden space 110592K, 100% used [0x00000000e0000000,0x00000000e6c00000,0x00000000e6c00000)
  from space 13312K, 0% used [0x00000000e6c00000,0x00000000e6c00000,0x00000000e7900000)
  to   space 14848K, 0% used [0x00000000e8e00000,0x00000000e8e00000,0x00000000e9c80000)
 ParOldGen       total 94720K, used 30069K [0x00000000a0000000, 0x00000000a5c80000, 0x00000000e0000000)
  object space 94720K, 31% used [0x00000000a0000000,0x00000000a1d5d6f8,0x00000000a5c80000)
 Metaspace       used 62604K, capacity 64714K, committed 64896K, reserved 1105920K
  class space    used 8344K, capacity 8825K, committed 8832K, reserved 1048576K
Event: 109.097 GC heap after
Heap after GC invocations=19 (full 3):
 PSYoungGen      total 144896K, used 10507K [0x00000000e0000000, 0x00000000ea300000, 0x0000000100000000)
  eden space 130048K, 0% used [0x00000000e0000000,0x00000000e0000000,0x00000000e7f00000)
  from space 14848K, 70% used [0x00000000e8e00000,0x00000000e9842e28,0x00000000e9c80000)
  to   space 15360K, 0% used [0x00000000e7f00000,0x00000000e7f00000,0x00000000e8e00000)
 ParOldGen       total 94720K, used 30077K [0x00000000a0000000, 0x00000000a5c80000, 0x00000000e0000000)
  object space 94720K, 31% used [0x00000000a0000000,0x00000000a1d5f6f8,0x00000000a5c80000)
 Metaspace       used 62604K, capacity 64714K, committed 64896K, reserved 1105920K
  class space    used 8344K, capacity 8825K, committed 8832K, reserved 1048576K
}
Event: 113.674 GC heap before
{Heap before GC invocations=20 (full 3):
 PSYoungGen      total 144896K, used 140555K [0x00000000e0000000, 0x00000000ea300000, 0x0000000100000000)
  eden space 130048K, 100% used [0x00000000e0000000,0x00000000e7f00000,0x00000000e7f00000)
  from space 14848K, 70% used [0x00000000e8e00000,0x00000000e9842e28,0x00000000e9c80000)
  to   space 15360K, 0% used [0x00000000e7f00000,0x00000000e7f00000,0x00000000e8e00000)
 ParOldGen       total 94720K, used 30077K [0x00000000a0000000, 0x00000000a5c80000, 0x00000000e0000000)
  object space 94720K, 31% used [0x00000000a0000000,0x00000000a1d5f6f8,0x00000000a5c80000)
 Metaspace       used 68589K, capacity 71042K, committed 71296K, reserved 1110016K
  class space    used 9230K, capacity 9809K, committed 9856K, reserved 1048576K
Event: 113.718 GC heap after
Heap after GC invocations=20 (full 3):
 PSYoungGen      total 145408K, used 15344K [0x00000000e0000000, 0x00000000eb700000, 0x0000000100000000)
  eden space 130048K, 0% used [0x00000000e0000000,0x00000000e0000000,0x00000000e7f00000)
  from space 15360K, 99% used [0x00000000e7f00000,0x00000000e8dfc3a8,0x00000000e8e00000)
  to   space 18432K, 0% used [0x00000000ea500000,0x00000000ea500000,0x00000000eb700000)
 ParOldGen       total 94720K, used 32718K [0x00000000a0000000, 0x00000000a5c80000, 0x00000000e0000000)
  object space 94720K, 34% used [0x00000000a0000000,0x00000000a1ff39d0,0x00000000a5c80000)
 Metaspace       used 68589K, capacity 71042K, committed 71296K, reserved 1110016K
  class space    used 9230K, capacity 9809K, committed 9856K, reserved 1048576K
}
Event: 134.375 GC heap before
{Heap before GC invocations=21 (full 3):
 PSYoungGen      total 145408K, used 145388K [0x00000000e0000000, 0x00000000eb700000, 0x0000000100000000)
  eden space 130048K, 99% used [0x00000000e0000000,0x00000000e7efed10,0x00000000e7f00000)
  from space 15360K, 99% used [0x00000000e7f00000,0x00000000e8dfc3a8,0x00000000e8e00000)
  to   space 18432K, 0% used [0x00000000ea500000,0x00000000ea500000,0x00000000eb700000)
 ParOldGen       total 94720K, used 32718K [0x00000000a0000000, 0x00000000a5c80000, 0x00000000e0000000)
  object space 94720K, 34% used [0x00000000a0000000,0x00000000a1ff39d0,0x00000000a5c80000)
 Metaspace       used 75226K, capacity 78144K, committed 78336K, reserved 1116160K
  class space    used 10020K, capacity 10696K, committed 10752K, reserved 1048576K
Event: 134.410 GC heap after
Heap after GC invocations=21 (full 3):
 PSYoungGen      total 163840K, used 18401K [0x00000000e0000000, 0x00000000ebe80000, 0x0000000100000000)
  eden space 145408K, 0% used [0x00000000e0000000,0x00000000e0000000,0x00000000e8e00000)
  from space 18432K, 99% used [0x00000000ea500000,0x00000000eb6f84e0,0x00000000eb700000)
  to   space 23552K, 0% used [0x00000000e8e00000,0x00000000e8e00000,0x00000000ea500000)
 ParOldGen       total 94720K, used 39056K [0x00000000a0000000, 0x00000000a5c80000, 0x00000000e0000000)
  object space 94720K, 41% used [0x00000000a0000000,0x00000000a2624358,0x00000000a5c80000)
 Metaspace       used 75226K, capacity 78144K, committed 78336K, reserved 1116160K
  class space    used 10020K, capacity 10696K, committed 10752K, reserved 1048576K
}
Event: 136.442 GC heap before
{Heap before GC invocations=22 (full 3):
 PSYoungGen      total 163840K, used 163809K [0x00000000e0000000, 0x00000000ebe80000, 0x0000000100000000)
  eden space 145408K, 100% used [0x00000000e0000000,0x00000000e8e00000,0x00000000e8e00000)
  from space 18432K, 99% used [0x00000000ea500000,0x00000000eb6f84e0,0x00000000eb700000)
  to   space 23552K, 0% used [0x00000000e8e00000,0x00000000e8e00000,0x00000000ea500000)
 ParOldGen       total 94720K, used 39056K [0x00000000a0000000, 0x00000000a5c80000, 0x00000000e0000000)
  object space 94720K, 41% used [0x00000000a0000000,0x00000000a2624358,0x00000000a5c80000)
 Metaspace       used 75426K, capacity 78360K, committed 78592K, reserved 1118208K
  class space    used 10030K, capacity 10700K, committed 10752K, reserved 1048576K
Event: 136.472 GC heap after
Heap after GC invocations=22 (full 3):
 PSYoungGen      total 168960K, used 7323K [0x00000000e0000000, 0x00000000ebe80000, 0x0000000100000000)
  eden space 145408K, 0% used [0x00000000e0000000,0x00000000e0000000,0x00000000e8e00000)
  from space 23552K, 31% used [0x00000000e8e00000,0x00000000e9526c40,0x00000000ea500000)
  to   space 18432K, 0% used [0x00000000ea500000,0x00000000ea500000,0x00000000eb700000)
 ParOldGen       total 94720K, used 51494K [0x00000000a0000000, 0x00000000a5c80000, 0x00000000e0000000)
  object space 94720K, 54% used [0x00000000a0000000,0x00000000a3249858,0x00000000a5c80000)
 Metaspace       used 75426K, capacity 78360K, committed 78592K, reserved 1118208K
  class space    used 10030K, capacity 10700K, committed 10752K, reserved 1048576K
}

