# JRE version: OpenJDK Runtime Environment (8.0_212-b04) (build 1.8.0_212-release-1586-b04)
# Java VM: OpenJDK 64-Bit Server VM (25.212-b04 mixed mode windows-amd64 compressed oops)
Heap:
 PSYoungGen      total 102912K, used 56918K [0x00000000e0000000, 0x00000000e9080000, 0x0000000100000000)
  eden space 73216K, 43% used [0x00000000e0000000,0x00000000e1ee4b80,0x00000000e4780000)
  from space 29696K, 85% used [0x00000000e4780000,0x00000000e6030f90,0x00000000e6480000)
  to   space 33280K, 0% used [0x00000000e7000000,0x00000000e7000000,0x00000000e9080000)
 ParOldGen       total 81920K, used 54129K [0x00000000a0000000, 0x00000000a5000000, 0x00000000e0000000)
  object space 81920K, 66% used [0x00000000a0000000,0x00000000a34dc590,0x00000000a5000000)
 Metaspace       used 93029K, capacity 97156K, committed 97280K, reserved 1132544K
  class space    used 12439K, capacity 13299K, committed 13312K, reserved 1048576K
GC Heap History (10 events):
Event: 89.723 GC heap before
{Heap before GC invocations=38 (full 3):
 PSYoungGen      total 83968K, used 81883K [0x00000000e0000000, 0x00000000e6480000, 0x0000000100000000)
  eden space 69120K, 100% used [0x00000000e0000000,0x00000000e4380000,0x00000000e4380000)
  from space 14848K, 85% used [0x00000000e5380000,0x00000000e5ff6f98,0x00000000e6200000)
  to   space 16384K, 0% used [0x00000000e4380000,0x00000000e4380000,0x00000000e5380000)
 ParOldGen       total 81920K, used 44407K [0x00000000a0000000, 0x00000000a5000000, 0x00000000e0000000)
  object space 81920K, 54% used [0x00000000a0000000,0x00000000a2b5df58,0x00000000a5000000)
 Metaspace       used 77988K, capacity 81356K, committed 81536K, reserved 1120256K
  class space    used 10348K, capacity 11028K, committed 11136K, reserved 1048576K
Event: 89.773 GC heap after
Heap after GC invocations=38 (full 3):
 PSYoungGen      total 85504K, used 16131K [0x00000000e0000000, 0x00000000e6d00000, 0x0000000100000000)
  eden space 69120K, 0% used [0x00000000e0000000,0x00000000e0000000,0x00000000e4380000)
  from space 16384K, 98% used [0x00000000e4380000,0x00000000e5340f50,0x00000000e5380000)
  to   space 18944K, 0% used [0x00000000e5a80000,0x00000000e5a80000,0x00000000e6d00000)
 ParOldGen       total 81920K, used 44415K [0x00000000a0000000, 0x00000000a5000000, 0x00000000e0000000)
  object space 81920K, 54% used [0x00000000a0000000,0x00000000a2b5ff58,0x00000000a5000000)
 Metaspace       used 77988K, capacity 81356K, committed 81536K, reserved 1120256K
  class space    used 10348K, capacity 11028K, committed 11136K, reserved 1048576K
}
Event: 92.586 GC heap before
{Heap before GC invocations=39 (full 3):
 PSYoungGen      total 85504K, used 85251K [0x00000000e0000000, 0x00000000e6d00000, 0x0000000100000000)
  eden space 69120K, 100% used [0x00000000e0000000,0x00000000e4380000,0x00000000e4380000)
  from space 16384K, 98% used [0x00000000e4380000,0x00000000e5340f50,0x00000000e5380000)
  to   space 18944K, 0% used [0x00000000e5a80000,0x00000000e5a80000,0x00000000e6d00000)
 ParOldGen       total 81920K, used 44415K [0x00000000a0000000, 0x00000000a5000000, 0x00000000e0000000)
  object space 81920K, 54% used [0x00000000a0000000,0x00000000a2b5ff58,0x00000000a5000000)
 Metaspace       used 83709K, capacity 87054K, committed 87296K, reserved 1124352K
  class space    used 11025K, capacity 11721K, committed 11776K, reserved 1048576K
Event: 92.633 GC heap after
Heap after GC invocations=39 (full 3):
 PSYoungGen      total 88064K, used 18928K [0x00000000e0000000, 0x00000000e7780000, 0x0000000100000000)
  eden space 69120K, 0% used [0x00000000e0000000,0x00000000e0000000,0x00000000e4380000)
  from space 18944K, 99% used [0x00000000e5a80000,0x00000000e6cfc130,0x00000000e6d00000)
  to   space 23552K, 0% used [0x00000000e4380000,0x00000000e4380000,0x00000000e5a80000)
 ParOldGen       total 81920K, used 49238K [0x00000000a0000000, 0x00000000a5000000, 0x00000000e0000000)
  object space 81920K, 60% used [0x00000000a0000000,0x00000000a30159f0,0x00000000a5000000)
 Metaspace       used 83709K, capacity 87054K, committed 87296K, reserved 1124352K
  class space    used 11025K, capacity 11721K, committed 11776K, reserved 1048576K
}
Event: 95.562 GC heap before
{Heap before GC invocations=40 (full 3):
 PSYoungGen      total 88064K, used 88048K [0x00000000e0000000, 0x00000000e7780000, 0x0000000100000000)
  eden space 69120K, 100% used [0x00000000e0000000,0x00000000e4380000,0x00000000e4380000)
  from space 18944K, 99% used [0x00000000e5a80000,0x00000000e6cfc130,0x00000000e6d00000)
  to   space 23552K, 0% used [0x00000000e4380000,0x00000000e4380000,0x00000000e5a80000)
 ParOldGen       total 81920K, used 49238K [0x00000000a0000000, 0x00000000a5000000, 0x00000000e0000000)
  object space 81920K, 60% used [0x00000000a0000000,0x00000000a30159f0,0x00000000a5000000)
 Metaspace       used 88718K, capacity 92614K, committed 92800K, reserved 1130496K
  class space    used 11868K, capacity 12670K, committed 12672K, reserved 1048576K
Event: 95.607 GC heap after
Heap after GC invocations=40 (full 3):
 PSYoungGen      total 92672K, used 21599K [0x00000000e0000000, 0x00000000e7e80000, 0x0000000100000000)
  eden space 69120K, 0% used [0x00000000e0000000,0x00000000e0000000,0x00000000e4380000)
  from space 23552K, 91% used [0x00000000e4380000,0x00000000e5897ec0,0x00000000e5a80000)
  to   space 26624K, 0% used [0x00000000e6480000,0x00000000e6480000,0x00000000e7e80000)
 ParOldGen       total 81920K, used 54113K [0x00000000a0000000, 0x00000000a5000000, 0x00000000e0000000)
  object space 81920K, 66% used [0x00000000a0000000,0x00000000a34d8590,0x00000000a5000000)
 Metaspace       used 88718K, capacity 92614K, committed 92800K, reserved 1130496K
  class space    used 11868K, capacity 12670K, committed 12672K, reserved 1048576K
}
Event: 99.703 GC heap before
{Heap before GC invocations=41 (full 3):
 PSYoungGen      total 92672K, used 90719K [0x00000000e0000000, 0x00000000e7e80000, 0x0000000100000000)
  eden space 69120K, 100% used [0x00000000e0000000,0x00000000e4380000,0x00000000e4380000)
  from space 23552K, 91% used [0x00000000e4380000,0x00000000e5897ec0,0x00000000e5a80000)
  to   space 26624K, 0% used [0x00000000e6480000,0x00000000e6480000,0x00000000e7e80000)
 ParOldGen       total 81920K, used 54113K [0x00000000a0000000, 0x00000000a5000000, 0x00000000e0000000)
  object space 81920K, 66% used [0x00000000a0000000,0x00000000a34d8590,0x00000000a5000000)
 Metaspace       used 91905K, capacity 95824K, committed 96128K, reserved 1132544K
  class space    used 12342K, capacity 13159K, committed 13184K, reserved 1048576K
Event: 99.739 GC heap after
Heap after GC invocations=41 (full 3):
 PSYoungGen      total 99840K, used 23801K [0x00000000e0000000, 0x00000000e8480000, 0x0000000100000000)
  eden space 73216K, 0% used [0x00000000e0000000,0x00000000e0000000,0x00000000e4780000)
  from space 26624K, 89% used [0x00000000e6480000,0x00000000e7bbe6f8,0x00000000e7e80000)
  to   space 29696K, 0% used [0x00000000e4780000,0x00000000e4780000,0x00000000e6480000)
 ParOldGen       total 81920K, used 54121K [0x00000000a0000000, 0x00000000a5000000, 0x00000000e0000000)
  object space 81920K, 66% used [0x00000000a0000000,0x00000000a34da590,0x00000000a5000000)
 Metaspace       used 91905K, capacity 95824K, committed 96128K, reserved 1132544K
  class space    used 12342K, capacity 13159K, committed 13184K, reserved 1048576K
}
Event: 102.167 GC heap before
{Heap before GC invocations=42 (full 3):
 PSYoungGen      total 99840K, used 97017K [0x00000000e0000000, 0x00000000e8480000, 0x0000000100000000)
  eden space 73216K, 100% used [0x00000000e0000000,0x00000000e4780000,0x00000000e4780000)
  from space 26624K, 89% used [0x00000000e6480000,0x00000000e7bbe6f8,0x00000000e7e80000)
  to   space 29696K, 0% used [0x00000000e4780000,0x00000000e4780000,0x00000000e6480000)
 ParOldGen       total 81920K, used 54121K [0x00000000a0000000, 0x00000000a5000000, 0x00000000e0000000)
  object space 81920K, 66% used [0x00000000a0000000,0x00000000a34da590,0x00000000a5000000)
 Metaspace       used 92972K, capacity 97022K, committed 97280K, reserved 1132544K
  class space    used 12438K, capacity 13298K, committed 13312K, reserved 1048576K
Event: 102.216 GC heap after
Heap after GC invocations=42 (full 3):
 PSYoungGen      total 102912K, used 25283K [0x00000000e0000000, 0x00000000e9080000, 0x0000000100000000)
  eden space 73216K, 0% used [0x00000000e0000000,0x00000000e0000000,0x00000000e4780000)
  from space 29696K, 85% used [0x00000000e4780000,0x00000000e6030f90,0x00000000e6480000)
  to   space 33280K, 0% used [0x00000000e7000000,0x00000000e7000000,0x00000000e9080000)
 ParOldGen       total 81920K, used 54129K [0x00000000a0000000, 0x00000000a5000000, 0x00000000e0000000)
  object space 81920K, 66% used [0x00000000a0000000,0x00000000a34dc590,0x00000000a5000000)
 Metaspace       used 92972K, capacity 97022K, committed 97280K, reserved 1132544K
  class space    used 12438K, capacity 13298K, committed 13312K, reserved 1048576K
}

