# JRE version: OpenJDK Runtime Environment (8.0_212-b04) (build 1.8.0_212-release-1586-b04)
# Java VM: OpenJDK 64-Bit Server VM (25.212-b04 mixed mode windows-amd64 compressed oops)
Heap:
 PSYoungGen      total 156672K, used 36504K [0x00000000e0000000, 0x00000000ec300000, 0x0000000100000000)
  eden space 141824K, 15% used [0x00000000e0000000,0x00000000e1546c60,0x00000000e8a80000)
  from space 14848K, 99% used [0x00000000e8a80000,0x00000000e98df598,0x00000000e9900000)
  to   space 16896K, 0% used [0x00000000eb280000,0x00000000eb280000,0x00000000ec300000)
 ParOldGen       total 82432K, used 32597K [0x00000000a0000000, 0x00000000a5080000, 0x00000000e0000000)
  object space 82432K, 39% used [0x00000000a0000000,0x00000000a1fd57c8,0x00000000a5080000)
 Metaspace       used 64357K, capacity 66492K, committed 66688K, reserved 1107968K
  class space    used 8528K, capacity 9008K, committed 9088K, reserved 1048576K
GC Heap History (10 events):
Event: 15.412 GC heap before
{Heap before GC invocations=18 (full 2):
 PSYoungGen      total 100864K, used 93184K [0x00000000e0000000, 0x00000000e8c80000, 0x0000000100000000)
  eden space 93184K, 100% used [0x00000000e0000000,0x00000000e5b00000,0x00000000e5b00000)
  from space 7680K, 0% used [0x00000000e5b00000,0x00000000e5b00000,0x00000000e6280000)
  to   space 7680K, 0% used [0x00000000e8500000,0x00000000e8500000,0x00000000e8c80000)
 ParOldGen       total 49664K, used 15917K [0x00000000a0000000, 0x00000000a3080000, 0x00000000e0000000)
  object space 49664K, 32% used [0x00000000a0000000,0x00000000a0f8b718,0x00000000a3080000)
 Metaspace       used 44498K, capacity 45446K, committed 45696K, reserved 1089536K
  class space    used 5997K, capacity 6259K, committed 6272K, reserved 1048576K
Event: 15.430 GC heap after
Heap after GC invocations=18 (full 2):
 PSYoungGen      total 129024K, used 7678K [0x00000000e0000000, 0x00000000e8c80000, 0x0000000100000000)
  eden space 121344K, 0% used [0x00000000e0000000,0x00000000e0000000,0x00000000e7680000)
  from space 7680K, 99% used [0x00000000e8500000,0x00000000e8c7fa48,0x00000000e8c80000)
  to   space 11264K, 0% used [0x00000000e7680000,0x00000000e7680000,0x00000000e8180000)
 ParOldGen       total 49664K, used 21877K [0x00000000a0000000, 0x00000000a3080000, 0x00000000e0000000)
  object space 49664K, 44% used [0x00000000a0000000,0x00000000a155d4e8,0x00000000a3080000)
 Metaspace       used 44498K, capacity 45446K, committed 45696K, reserved 1089536K
  class space    used 5997K, capacity 6259K, committed 6272K, reserved 1048576K
}
Event: 18.730 GC heap before
{Heap before GC invocations=19 (full 2):
 PSYoungGen      total 129024K, used 129022K [0x00000000e0000000, 0x00000000e8c80000, 0x0000000100000000)
  eden space 121344K, 100% used [0x00000000e0000000,0x00000000e7680000,0x00000000e7680000)
  from space 7680K, 99% used [0x00000000e8500000,0x00000000e8c7fa48,0x00000000e8c80000)
  to   space 11264K, 0% used [0x00000000e7680000,0x00000000e7680000,0x00000000e8180000)
 ParOldGen       total 49664K, used 21877K [0x00000000a0000000, 0x00000000a3080000, 0x00000000e0000000)
  object space 49664K, 44% used [0x00000000a0000000,0x00000000a155d4e8,0x00000000a3080000)
 Metaspace       used 52928K, capacity 54566K, committed 54912K, reserved 1095680K
  class space    used 7254K, capacity 7681K, committed 7808K, reserved 1048576K
Event: 18.758 GC heap after
Heap after GC invocations=19 (full 2):
 PSYoungGen      total 132608K, used 11234K [0x00000000e0000000, 0x00000000eac80000, 0x0000000100000000)
  eden space 121344K, 0% used [0x00000000e0000000,0x00000000e0000000,0x00000000e7680000)
  from space 11264K, 99% used [0x00000000e7680000,0x00000000e8178b90,0x00000000e8180000)
  to   space 15872K, 0% used [0x00000000e9d00000,0x00000000e9d00000,0x00000000eac80000)
 ParOldGen       total 49664K, used 29620K [0x00000000a0000000, 0x00000000a3080000, 0x00000000e0000000)
  object space 49664K, 59% used [0x00000000a0000000,0x00000000a1ced3a0,0x00000000a3080000)
 Metaspace       used 52928K, capacity 54566K, committed 54912K, reserved 1095680K
  class space    used 7254K, capacity 7681K, committed 7808K, reserved 1048576K
}
Event: 77.789 GC heap before
{Heap before GC invocations=20 (full 2):
 PSYoungGen      total 132608K, used 69021K [0x00000000e0000000, 0x00000000eac80000, 0x0000000100000000)
  eden space 121344K, 47% used [0x00000000e0000000,0x00000000e386eb40,0x00000000e7680000)
  from space 11264K, 99% used [0x00000000e7680000,0x00000000e8178b90,0x00000000e8180000)
  to   space 15872K, 0% used [0x00000000e9d00000,0x00000000e9d00000,0x00000000eac80000)
 ParOldGen       total 49664K, used 29620K [0x00000000a0000000, 0x00000000a3080000, 0x00000000e0000000)
  object space 49664K, 59% used [0x00000000a0000000,0x00000000a1ced3a0,0x00000000a3080000)
 Metaspace       used 57241K, capacity 59060K, committed 59096K, reserved 1099776K
  class space    used 7627K, capacity 8060K, committed 8064K, reserved 1048576K
Event: 77.885 GC heap after
Heap after GC invocations=20 (full 2):
 PSYoungGen      total 152576K, used 6152K [0x00000000e0000000, 0x00000000ea780000, 0x0000000100000000)
  eden space 141824K, 0% used [0x00000000e0000000,0x00000000e0000000,0x00000000e8a80000)
  from space 10752K, 57% used [0x00000000e9d00000,0x00000000ea3022f0,0x00000000ea780000)
  to   space 14848K, 0% used [0x00000000e8a80000,0x00000000e8a80000,0x00000000e9900000)
 ParOldGen       total 49664K, used 37746K [0x00000000a0000000, 0x00000000a3080000, 0x00000000e0000000)
  object space 49664K, 76% used [0x00000000a0000000,0x00000000a24dcad0,0x00000000a3080000)
 Metaspace       used 57241K, capacity 59060K, committed 59096K, reserved 1099776K
  class space    used 7627K, capacity 8060K, committed 8064K, reserved 1048576K
}
Event: 77.885 GC heap before
{Heap before GC invocations=21 (full 3):
 PSYoungGen      total 152576K, used 6152K [0x00000000e0000000, 0x00000000ea780000, 0x0000000100000000)
  eden space 141824K, 0% used [0x00000000e0000000,0x00000000e0000000,0x00000000e8a80000)
  from space 10752K, 57% used [0x00000000e9d00000,0x00000000ea3022f0,0x00000000ea780000)
  to   space 14848K, 0% used [0x00000000e8a80000,0x00000000e8a80000,0x00000000e9900000)
 ParOldGen       total 49664K, used 37746K [0x00000000a0000000, 0x00000000a3080000, 0x00000000e0000000)
  object space 49664K, 76% used [0x00000000a0000000,0x00000000a24dcad0,0x00000000a3080000)
 Metaspace       used 57241K, capacity 59060K, committed 59096K, reserved 1099776K
  class space    used 7627K, capacity 8060K, committed 8064K, reserved 1048576K
Event: 78.432 GC heap after
Heap after GC invocations=21 (full 3):
 PSYoungGen      total 152576K, used 0K [0x00000000e0000000, 0x00000000ea780000, 0x0000000100000000)
  eden space 141824K, 0% used [0x00000000e0000000,0x00000000e0000000,0x00000000e8a80000)
  from space 10752K, 0% used [0x00000000e9d00000,0x00000000e9d00000,0x00000000ea780000)
  to   space 14848K, 0% used [0x00000000e8a80000,0x00000000e8a80000,0x00000000e9900000)
 ParOldGen       total 82432K, used 32589K [0x00000000a0000000, 0x00000000a5080000, 0x00000000e0000000)
  object space 82432K, 39% used [0x00000000a0000000,0x00000000a1fd37c8,0x00000000a5080000)
 Metaspace       used 57241K, capacity 59060K, committed 59096K, reserved 1099776K
  class space    used 7627K, capacity 8060K, committed 8064K, reserved 1048576K
}
Event: 86.143 GC heap before
{Heap before GC invocations=22 (full 3):
 PSYoungGen      total 152576K, used 141824K [0x00000000e0000000, 0x00000000ea780000, 0x0000000100000000)
  eden space 141824K, 100% used [0x00000000e0000000,0x00000000e8a80000,0x00000000e8a80000)
  from space 10752K, 0% used [0x00000000e9d00000,0x00000000e9d00000,0x00000000ea780000)
  to   space 14848K, 0% used [0x00000000e8a80000,0x00000000e8a80000,0x00000000e9900000)
 ParOldGen       total 82432K, used 32589K [0x00000000a0000000, 0x00000000a5080000, 0x00000000e0000000)
  object space 82432K, 39% used [0x00000000a0000000,0x00000000a1fd37c8,0x00000000a5080000)
 Metaspace       used 64272K, capacity 66428K, committed 66688K, reserved 1107968K
  class space    used 8527K, capacity 9008K, committed 9088K, reserved 1048576K
Event: 86.186 GC heap after
Heap after GC invocations=22 (full 3):
 PSYoungGen      total 156672K, used 14717K [0x00000000e0000000, 0x00000000ec300000, 0x0000000100000000)
  eden space 141824K, 0% used [0x00000000e0000000,0x00000000e0000000,0x00000000e8a80000)
  from space 14848K, 99% used [0x00000000e8a80000,0x00000000e98df598,0x00000000e9900000)
  to   space 16896K, 0% used [0x00000000eb280000,0x00000000eb280000,0x00000000ec300000)
 ParOldGen       total 82432K, used 32597K [0x00000000a0000000, 0x00000000a5080000, 0x00000000e0000000)
  object space 82432K, 39% used [0x00000000a0000000,0x00000000a1fd57c8,0x00000000a5080000)
 Metaspace       used 64272K, capacity 66428K, committed 66688K, reserved 1107968K
  class space    used 8527K, capacity 9008K, committed 9088K, reserved 1048576K
}

