# JRE version: OpenJDK Runtime Environment (8.0_212-b04) (build 1.8.0_212-release-1586-b04)
# Java VM: OpenJDK 64-Bit Server VM (25.212-b04 mixed mode windows-amd64 compressed oops)
Heap:
 PSYoungGen      total 163840K, used 18101K [0x00000000e0000000, 0x00000000eb080000, 0x0000000100000000)
  eden space 146944K, 0% used [0x00000000e0000000,0x00000000e012e980,0x00000000e8f80000)
  from space 16896K, 99% used [0x00000000e8f80000,0x00000000e9ffecb0,0x00000000ea000000)
  to   space 16384K, 0% used [0x00000000ea080000,0x00000000ea080000,0x00000000eb080000)
 ParOldGen       total 51200K, used 41269K [0x00000000a0000000, 0x00000000a3200000, 0x00000000e0000000)
  object space 51200K, 80% used [0x00000000a0000000,0x00000000a284d6e0,0x00000000a3200000)
 Metaspace       used 67933K, capacity 70466K, committed 70616K, reserved 1110016K
  class space    used 9050K, capacity 9585K, committed 9688K, reserved 1048576K
GC Heap History (10 events):
Event: 17.416 GC heap before
{Heap before GC invocations=20 (full 3):
 PSYoungGen      total 134656K, used 11084K [0x00000000e0000000, 0x00000000ea880000, 0x0000000100000000)
  eden space 120832K, 0% used [0x00000000e0000000,0x00000000e0000000,0x00000000e7600000)
  from space 13824K, 80% used [0x00000000e7600000,0x00000000e80d3238,0x00000000e8380000)
  to   space 14848K, 0% used [0x00000000e9a00000,0x00000000e9a00000,0x00000000ea880000)
 ParOldGen       total 51200K, used 34616K [0x00000000a0000000, 0x00000000a3200000, 0x00000000e0000000)
  object space 51200K, 67% used [0x00000000a0000000,0x00000000a21ce270,0x00000000a3200000)
 Metaspace       used 57209K, capacity 59040K, committed 59096K, reserved 1099776K
  class space    used 7889K, capacity 8352K, committed 8408K, reserved 1048576K
Event: 17.813 GC heap after
Heap after GC invocations=20 (full 3):
 PSYoungGen      total 134656K, used 0K [0x00000000e0000000, 0x00000000ea880000, 0x0000000100000000)
  eden space 120832K, 0% used [0x00000000e0000000,0x00000000e0000000,0x00000000e7600000)
  from space 13824K, 0% used [0x00000000e7600000,0x00000000e7600000,0x00000000e8380000)
  to   space 14848K, 0% used [0x00000000e9a00000,0x00000000e9a00000,0x00000000ea880000)
 ParOldGen       total 51200K, used 37856K [0x00000000a0000000, 0x00000000a3200000, 0x00000000e0000000)
  object space 51200K, 73% used [0x00000000a0000000,0x00000000a24f81b8,0x00000000a3200000)
 Metaspace       used 57209K, capacity 59040K, committed 59096K, reserved 1099776K
  class space    used 7889K, capacity 8352K, committed 8408K, reserved 1048576K
}
Event: 23.447 GC heap before
{Heap before GC invocations=21 (full 3):
 PSYoungGen      total 134656K, used 120832K [0x00000000e0000000, 0x00000000ea880000, 0x0000000100000000)
  eden space 120832K, 100% used [0x00000000e0000000,0x00000000e7600000,0x00000000e7600000)
  from space 13824K, 0% used [0x00000000e7600000,0x00000000e7600000,0x00000000e8380000)
  to   space 14848K, 0% used [0x00000000e9a00000,0x00000000e9a00000,0x00000000ea880000)
 ParOldGen       total 51200K, used 37856K [0x00000000a0000000, 0x00000000a3200000, 0x00000000e0000000)
  object space 51200K, 73% used [0x00000000a0000000,0x00000000a24f81b8,0x00000000a3200000)
 Metaspace       used 60565K, capacity 62848K, committed 63064K, reserved 1103872K
  class space    used 8233K, capacity 8752K, committed 8792K, reserved 1048576K
Event: 23.462 GC heap after
Heap after GC invocations=21 (full 3):
 PSYoungGen      total 143360K, used 7847K [0x00000000e0000000, 0x00000000ea200000, 0x0000000100000000)
  eden space 135168K, 0% used [0x00000000e0000000,0x00000000e0000000,0x00000000e8400000)
  from space 8192K, 95% used [0x00000000e9a00000,0x00000000ea1a9f00,0x00000000ea200000)
  to   space 14848K, 0% used [0x00000000e8500000,0x00000000e8500000,0x00000000e9380000)
 ParOldGen       total 51200K, used 37864K [0x00000000a0000000, 0x00000000a3200000, 0x00000000e0000000)
  object space 51200K, 73% used [0x00000000a0000000,0x00000000a24fa1b8,0x00000000a3200000)
 Metaspace       used 60565K, capacity 62848K, committed 63064K, reserved 1103872K
  class space    used 8233K, capacity 8752K, committed 8792K, reserved 1048576K
}
Event: 48.473 GC heap before
{Heap before GC invocations=22 (full 3):
 PSYoungGen      total 143360K, used 143015K [0x00000000e0000000, 0x00000000ea200000, 0x0000000100000000)
  eden space 135168K, 100% used [0x00000000e0000000,0x00000000e8400000,0x00000000e8400000)
  from space 8192K, 95% used [0x00000000e9a00000,0x00000000ea1a9f00,0x00000000ea200000)
  to   space 14848K, 0% used [0x00000000e8500000,0x00000000e8500000,0x00000000e9380000)
 ParOldGen       total 51200K, used 37864K [0x00000000a0000000, 0x00000000a3200000, 0x00000000e0000000)
  object space 51200K, 73% used [0x00000000a0000000,0x00000000a24fa1b8,0x00000000a3200000)
 Metaspace       used 63296K, capacity 65664K, committed 66008K, reserved 1105920K
  class space    used 8542K, capacity 9080K, committed 9176K, reserved 1048576K
Event: 48.501 GC heap after
Heap after GC invocations=22 (full 3):
 PSYoungGen      total 151040K, used 13004K [0x00000000e0000000, 0x00000000eb080000, 0x0000000100000000)
  eden space 136192K, 0% used [0x00000000e0000000,0x00000000e0000000,0x00000000e8500000)
  from space 14848K, 87% used [0x00000000e8500000,0x00000000e91b3080,0x00000000e9380000)
  to   space 16384K, 0% used [0x00000000ea080000,0x00000000ea080000,0x00000000eb080000)
 ParOldGen       total 51200K, used 37872K [0x00000000a0000000, 0x00000000a3200000, 0x00000000e0000000)
  object space 51200K, 73% used [0x00000000a0000000,0x00000000a24fc1b8,0x00000000a3200000)
 Metaspace       used 63296K, capacity 65664K, committed 66008K, reserved 1105920K
  class space    used 8542K, capacity 9080K, committed 9176K, reserved 1048576K
}
Event: 58.574 GC heap before
{Heap before GC invocations=23 (full 3):
 PSYoungGen      total 151040K, used 149196K [0x00000000e0000000, 0x00000000eb080000, 0x0000000100000000)
  eden space 136192K, 100% used [0x00000000e0000000,0x00000000e8500000,0x00000000e8500000)
  from space 14848K, 87% used [0x00000000e8500000,0x00000000e91b3080,0x00000000e9380000)
  to   space 16384K, 0% used [0x00000000ea080000,0x00000000ea080000,0x00000000eb080000)
 ParOldGen       total 51200K, used 37872K [0x00000000a0000000, 0x00000000a3200000, 0x00000000e0000000)
  object space 51200K, 73% used [0x00000000a0000000,0x00000000a24fc1b8,0x00000000a3200000)
 Metaspace       used 64035K, capacity 66372K, committed 66520K, reserved 1105920K
  class space    used 8589K, capacity 9102K, committed 9176K, reserved 1048576K
Event: 58.589 GC heap after
Heap after GC invocations=23 (full 3):
 PSYoungGen      total 163328K, used 10995K [0x00000000e0000000, 0x00000000eb080000, 0x0000000100000000)
  eden space 146944K, 0% used [0x00000000e0000000,0x00000000e0000000,0x00000000e8f80000)
  from space 16384K, 67% used [0x00000000ea080000,0x00000000eab3cd90,0x00000000eb080000)
  to   space 16896K, 0% used [0x00000000e8f80000,0x00000000e8f80000,0x00000000ea000000)
 ParOldGen       total 51200K, used 37880K [0x00000000a0000000, 0x00000000a3200000, 0x00000000e0000000)
  object space 51200K, 73% used [0x00000000a0000000,0x00000000a24fe1b8,0x00000000a3200000)
 Metaspace       used 64035K, capacity 66372K, committed 66520K, reserved 1105920K
  class space    used 8589K, capacity 9102K, committed 9176K, reserved 1048576K
}
Event: 77.406 GC heap before
{Heap before GC invocations=24 (full 3):
 PSYoungGen      total 163328K, used 157939K [0x00000000e0000000, 0x00000000eb080000, 0x0000000100000000)
  eden space 146944K, 100% used [0x00000000e0000000,0x00000000e8f80000,0x00000000e8f80000)
  from space 16384K, 67% used [0x00000000ea080000,0x00000000eab3cd90,0x00000000eb080000)
  to   space 16896K, 0% used [0x00000000e8f80000,0x00000000e8f80000,0x00000000ea000000)
 ParOldGen       total 51200K, used 37880K [0x00000000a0000000, 0x00000000a3200000, 0x00000000e0000000)
  object space 51200K, 73% used [0x00000000a0000000,0x00000000a24fe1b8,0x00000000a3200000)
 Metaspace       used 67907K, capacity 70458K, committed 70616K, reserved 1110016K
  class space    used 9045K, capacity 9583K, committed 9688K, reserved 1048576K
Event: 77.431 GC heap after
Heap after GC invocations=24 (full 3):
 PSYoungGen      total 163840K, used 16891K [0x00000000e0000000, 0x00000000eb080000, 0x0000000100000000)
  eden space 146944K, 0% used [0x00000000e0000000,0x00000000e0000000,0x00000000e8f80000)
  from space 16896K, 99% used [0x00000000e8f80000,0x00000000e9ffecb0,0x00000000ea000000)
  to   space 16384K, 0% used [0x00000000ea080000,0x00000000ea080000,0x00000000eb080000)
 ParOldGen       total 51200K, used 41269K [0x00000000a0000000, 0x00000000a3200000, 0x00000000e0000000)
  object space 51200K, 80% used [0x00000000a0000000,0x00000000a284d6e0,0x00000000a3200000)
 Metaspace       used 67907K, capacity 70458K, committed 70616K, reserved 1110016K
  class space    used 9045K, capacity 9583K, committed 9688K, reserved 1048576K
}

