# JRE version: OpenJDK Runtime Environment (8.0_212-b04) (build 1.8.0_212-release-1586-b04)
# Java VM: OpenJDK 64-Bit Server VM (25.212-b04 mixed mode windows-amd64 compressed oops)
Heap:
 PSYoungGen      total 143360K, used 5628K [0x00000000e0000000, 0x00000000e9c80000, 0x0000000100000000)
  eden space 128000K, 4% used [0x00000000e0000000,0x00000000e057f3f8,0x00000000e7d00000)
  from space 15360K, 0% used [0x00000000e7e80000,0x00000000e7e80000,0x00000000e8d80000)
  to   space 10240K, 0% used [0x00000000e9280000,0x00000000e9280000,0x00000000e9c80000)
 ParOldGen       total 92672K, used 52896K [0x00000000a0000000, 0x00000000a5a80000, 0x00000000e0000000)
  object space 92672K, 57% used [0x00000000a0000000,0x00000000a33a8190,0x00000000a5a80000)
 Metaspace       used 75252K, capacity 78309K, committed 79104K, reserved 1120256K
  class space    used 10217K, capacity 10825K, committed 11008K, reserved 1048576K
GC Heap History (10 events):
Event: 23.442 GC heap before
{Heap before GC invocations=21 (full 3):
 PSYoungGen      total 129536K, used 115712K [0x00000000e0000000, 0x00000000ea100000, 0x0000000100000000)
  eden space 115712K, 100% used [0x00000000e0000000,0x00000000e7100000,0x00000000e7100000)
  from space 13824K, 0% used [0x00000000e7100000,0x00000000e7100000,0x00000000e7e80000)
  to   space 14848K, 0% used [0x00000000e9280000,0x00000000e9280000,0x00000000ea100000)
 ParOldGen       total 92672K, used 37621K [0x00000000a0000000, 0x00000000a5a80000, 0x00000000e0000000)
  object space 92672K, 40% used [0x00000000a0000000,0x00000000a24bd5a8,0x00000000a5a80000)
 Metaspace       used 59411K, capacity 61478K, committed 61696K, reserved 1101824K
  class space    used 8148K, capacity 8623K, committed 8704K, reserved 1048576K
Event: 23.476 GC heap after
Heap after GC invocations=21 (full 3):
 PSYoungGen      total 138240K, used 9762K [0x00000000e0000000, 0x00000000e9c80000, 0x0000000100000000)
  eden space 128000K, 0% used [0x00000000e0000000,0x00000000e0000000,0x00000000e7d00000)
  from space 10240K, 95% used [0x00000000e9280000,0x00000000e9c08be0,0x00000000e9c80000)
  to   space 15360K, 0% used [0x00000000e7e80000,0x00000000e7e80000,0x00000000e8d80000)
 ParOldGen       total 92672K, used 37629K [0x00000000a0000000, 0x00000000a5a80000, 0x00000000e0000000)
  object space 92672K, 40% used [0x00000000a0000000,0x00000000a24bf5a8,0x00000000a5a80000)
 Metaspace       used 59411K, capacity 61478K, committed 61696K, reserved 1101824K
  class space    used 8148K, capacity 8623K, committed 8704K, reserved 1048576K
}
Event: 32.829 GC heap before
{Heap before GC invocations=22 (full 3):
 PSYoungGen      total 138240K, used 137762K [0x00000000e0000000, 0x00000000e9c80000, 0x0000000100000000)
  eden space 128000K, 100% used [0x00000000e0000000,0x00000000e7d00000,0x00000000e7d00000)
  from space 10240K, 95% used [0x00000000e9280000,0x00000000e9c08be0,0x00000000e9c80000)
  to   space 15360K, 0% used [0x00000000e7e80000,0x00000000e7e80000,0x00000000e8d80000)
 ParOldGen       total 92672K, used 37629K [0x00000000a0000000, 0x00000000a5a80000, 0x00000000e0000000)
  object space 92672K, 40% used [0x00000000a0000000,0x00000000a24bf5a8,0x00000000a5a80000)
 Metaspace       used 65878K, capacity 68308K, committed 68608K, reserved 1107968K
  class space    used 8913K, capacity 9406K, committed 9472K, reserved 1048576K
Event: 32.888 GC heap after
Heap after GC invocations=22 (full 3):
 PSYoungGen      total 143360K, used 15349K [0x00000000e0000000, 0x00000000e9c80000, 0x0000000100000000)
  eden space 128000K, 0% used [0x00000000e0000000,0x00000000e0000000,0x00000000e7d00000)
  from space 15360K, 99% used [0x00000000e7e80000,0x00000000e8d7d730,0x00000000e8d80000)
  to   space 10240K, 0% used [0x00000000e9280000,0x00000000e9280000,0x00000000e9c80000)
 ParOldGen       total 92672K, used 41434K [0x00000000a0000000, 0x00000000a5a80000, 0x00000000e0000000)
  object space 92672K, 44% used [0x00000000a0000000,0x00000000a2876b48,0x00000000a5a80000)
 Metaspace       used 65878K, capacity 68308K, committed 68608K, reserved 1107968K
  class space    used 8913K, capacity 9406K, committed 9472K, reserved 1048576K
}
Event: 38.243 GC heap before
{Heap before GC invocations=23 (full 3):
 PSYoungGen      total 143360K, used 143349K [0x00000000e0000000, 0x00000000e9c80000, 0x0000000100000000)
  eden space 128000K, 100% used [0x00000000e0000000,0x00000000e7d00000,0x00000000e7d00000)
  from space 15360K, 99% used [0x00000000e7e80000,0x00000000e8d7d730,0x00000000e8d80000)
  to   space 10240K, 0% used [0x00000000e9280000,0x00000000e9280000,0x00000000e9c80000)
 ParOldGen       total 92672K, used 41434K [0x00000000a0000000, 0x00000000a5a80000, 0x00000000e0000000)
  object space 92672K, 44% used [0x00000000a0000000,0x00000000a2876b48,0x00000000a5a80000)
 Metaspace       used 74866K, capacity 78231K, committed 78336K, reserved 1118208K
  class space    used 10253K, capacity 10910K, committed 11008K, reserved 1048576K
Event: 38.279 GC heap after
Heap after GC invocations=23 (full 3):
 PSYoungGen      total 138240K, used 10228K [0x00000000e0000000, 0x00000000e9c80000, 0x0000000100000000)
  eden space 128000K, 0% used [0x00000000e0000000,0x00000000e0000000,0x00000000e7d00000)
  from space 10240K, 99% used [0x00000000e9280000,0x00000000e9c7d130,0x00000000e9c80000)
  to   space 15360K, 0% used [0x00000000e7e80000,0x00000000e7e80000,0x00000000e8d80000)
 ParOldGen       total 92672K, used 56928K [0x00000000a0000000, 0x00000000a5a80000, 0x00000000e0000000)
  object space 92672K, 61% used [0x00000000a0000000,0x00000000a37981b0,0x00000000a5a80000)
 Metaspace       used 74866K, capacity 78231K, committed 78336K, reserved 1118208K
  class space    used 10253K, capacity 10910K, committed 11008K, reserved 1048576K
}
Event: 38.963 GC heap before
{Heap before GC invocations=24 (full 3):
 PSYoungGen      total 138240K, used 46115K [0x00000000e0000000, 0x00000000e9c80000, 0x0000000100000000)
  eden space 128000K, 28% used [0x00000000e0000000,0x00000000e230bb90,0x00000000e7d00000)
  from space 10240K, 99% used [0x00000000e9280000,0x00000000e9c7d130,0x00000000e9c80000)
  to   space 15360K, 0% used [0x00000000e7e80000,0x00000000e7e80000,0x00000000e8d80000)
 ParOldGen       total 92672K, used 56928K [0x00000000a0000000, 0x00000000a5a80000, 0x00000000e0000000)
  object space 92672K, 61% used [0x00000000a0000000,0x00000000a37981b0,0x00000000a5a80000)
 Metaspace       used 75347K, capacity 78761K, committed 78848K, reserved 1122304K
  class space    used 10288K, capacity 10949K, committed 11008K, reserved 1048576K
Event: 38.984 GC heap after
Heap after GC invocations=24 (full 3):
 PSYoungGen      total 143360K, used 800K [0x00000000e0000000, 0x00000000e9c80000, 0x0000000100000000)
  eden space 128000K, 0% used [0x00000000e0000000,0x00000000e0000000,0x00000000e7d00000)
  from space 15360K, 5% used [0x00000000e7e80000,0x00000000e7f48000,0x00000000e8d80000)
  to   space 10240K, 0% used [0x00000000e9280000,0x00000000e9280000,0x00000000e9c80000)
 ParOldGen       total 92672K, used 66617K [0x00000000a0000000, 0x00000000a5a80000, 0x00000000e0000000)
  object space 92672K, 71% used [0x00000000a0000000,0x00000000a410e490,0x00000000a5a80000)
 Metaspace       used 75347K, capacity 78761K, committed 78848K, reserved 1122304K
  class space    used 10288K, capacity 10949K, committed 11008K, reserved 1048576K
}
Event: 38.984 GC heap before
{Heap before GC invocations=25 (full 4):
 PSYoungGen      total 143360K, used 800K [0x00000000e0000000, 0x00000000e9c80000, 0x0000000100000000)
  eden space 128000K, 0% used [0x00000000e0000000,0x00000000e0000000,0x00000000e7d00000)
  from space 15360K, 5% used [0x00000000e7e80000,0x00000000e7f48000,0x00000000e8d80000)
  to   space 10240K, 0% used [0x00000000e9280000,0x00000000e9280000,0x00000000e9c80000)
 ParOldGen       total 92672K, used 66617K [0x00000000a0000000, 0x00000000a5a80000, 0x00000000e0000000)
  object space 92672K, 71% used [0x00000000a0000000,0x00000000a410e490,0x00000000a5a80000)
 Metaspace       used 75347K, capacity 78761K, committed 78848K, reserved 1122304K
  class space    used 10288K, capacity 10949K, committed 11008K, reserved 1048576K
Event: 39.255 GC heap after
Heap after GC invocations=25 (full 4):
 PSYoungGen      total 143360K, used 0K [0x00000000e0000000, 0x00000000e9c80000, 0x0000000100000000)
  eden space 128000K, 0% used [0x00000000e0000000,0x00000000e0000000,0x00000000e7d00000)
  from space 15360K, 0% used [0x00000000e7e80000,0x00000000e7e80000,0x00000000e8d80000)
  to   space 10240K, 0% used [0x00000000e9280000,0x00000000e9280000,0x00000000e9c80000)
 ParOldGen       total 92672K, used 52896K [0x00000000a0000000, 0x00000000a5a80000, 0x00000000e0000000)
  object space 92672K, 57% used [0x00000000a0000000,0x00000000a33a8190,0x00000000a5a80000)
 Metaspace       used 75139K, capacity 78181K, committed 78848K, reserved 1120256K
  class space    used 10217K, capacity 10825K, committed 11008K, reserved 1048576K
}

